# JRE version: Java(TM) SE Runtime Environment (8.0_112-b15) (build 1.8.0_112-b15)
# Java VM: Java HotSpot(TM) 64-Bit Server VM (25.112-b15 mixed mode windows-amd64 compressed oops)
Heap:
 PSYoungGen      total 58880K, used 23693K [0x00000007bc400000, 0x00000007c0000000, 0x00000007c0000000)
  eden space 56320K, 39% used [0x00000007bc400000,0x00000007bd9d5858,0x00000007bfb00000)
  from space 2560K, 52% used [0x00000007bfd80000,0x00000007bfecdbb8,0x00000007c0000000)
  to   space 2560K, 0% used [0x00000007bfb00000,0x00000007bfb00000,0x00000007bfd80000)
 ParOldGen       total 120832K, used 51709K [0x0000000700000000, 0x0000000707600000, 0x00000007bc400000)
  object space 120832K, 42% used [0x0000000700000000,0x000000070327f618,0x0000000707600000)
 Metaspace       used 70474K, capacity 71133K, committed 71808K, reserved 1112064K
  class space    used 9652K, capacity 9782K, committed 9856K, reserved 1048576K
GC Heap History (10 events):
Event: 3320.107 GC heap before
{Heap before GC invocations=256 (full 66):
 PSYoungGen      total 58880K, used 58326K [0x00000007bc400000, 0x00000007c0000000, 0x00000007c0000000)
  eden space 56320K, 100% used [0x00000007bc400000,0x00000007bfb00000,0x00000007bfb00000)
  from space 2560K, 78% used [0x00000007bfb00000,0x00000007bfcf5bb8,0x00000007bfd80000)
  to   space 2560K, 0% used [0x00000007bfd80000,0x00000007bfd80000,0x00000007c0000000)
 ParOldGen       total 120832K, used 51693K [0x0000000700000000, 0x0000000707600000, 0x00000007bc400000)
  object space 120832K, 42% used [0x0000000700000000,0x000000070327b618,0x0000000707600000)
 Metaspace       used 70370K, capacity 71005K, committed 71808K, reserved 1112064K
  class space    used 9644K, capacity 9782K, committed 9856K, reserved 1048576K
Event: 3320.112 GC heap after
Heap after GC invocations=256 (full 66):
 PSYoungGen      total 58880K, used 1590K [0x00000007bc400000, 0x00000007c0000000, 0x00000007c0000000)
  eden space 56320K, 0% used [0x00000007bc400000,0x00000007bc400000,0x00000007bfb00000)
  from space 2560K, 62% used [0x00000007bfd80000,0x00000007bff0dbb8,0x00000007c0000000)
  to   space 2560K, 0% used [0x00000007bfb00000,0x00000007bfb00000,0x00000007bfd80000)
 ParOldGen       total 120832K, used 51701K [0x0000000700000000, 0x0000000707600000, 0x00000007bc400000)
  object space 120832K, 42% used [0x0000000700000000,0x000000070327d618,0x0000000707600000)
 Metaspace       used 70370K, capacity 71005K, committed 71808K, reserved 1112064K
  class space    used 9644K, capacity 9782K, committed 9856K, reserved 1048576K
}
Event: 3322.978 GC heap before
{Heap before GC invocations=257 (full 66):
 PSYoungGen      total 58880K, used 57910K [0x00000007bc400000, 0x00000007c0000000, 0x00000007c0000000)
  eden space 56320K, 100% used [0x00000007bc400000,0x00000007bfb00000,0x00000007bfb00000)
  from space 2560K, 62% used [0x00000007bfd80000,0x00000007bff0dbb8,0x00000007c0000000)
  to   space 2560K, 0% used [0x00000007bfb00000,0x00000007bfb00000,0x00000007bfd80000)
 ParOldGen       total 120832K, used 51701K [0x0000000700000000, 0x0000000707600000, 0x00000007bc400000)
  object space 120832K, 42% used [0x0000000700000000,0x000000070327d618,0x0000000707600000)
 Metaspace       used 70392K, capacity 71069K, committed 71808K, reserved 1112064K
  class space    used 9644K, capacity 9782K, committed 9856K, reserved 1048576K
Event: 3322.984 GC heap after
Heap after GC invocations=257 (full 66):
 PSYoungGen      total 58880K, used 1430K [0x00000007bc400000, 0x00000007c0000000, 0x00000007c0000000)
  eden space 56320K, 0% used [0x00000007bc400000,0x00000007bc400000,0x00000007bfb00000)
  from space 2560K, 55% used [0x00000007bfb00000,0x00000007bfc65bb8,0x00000007bfd80000)
  to   space 2560K, 0% used [0x00000007bfd80000,0x00000007bfd80000,0x00000007c0000000)
 ParOldGen       total 120832K, used 51701K [0x0000000700000000, 0x0000000707600000, 0x00000007bc400000)
  object space 120832K, 42% used [0x0000000700000000,0x000000070327d618,0x0000000707600000)
 Metaspace       used 70392K, capacity 71069K, committed 71808K, reserved 1112064K
  class space    used 9644K, capacity 9782K, committed 9856K, reserved 1048576K
}
Event: 3325.544 GC heap before
{Heap before GC invocations=258 (full 66):
 PSYoungGen      total 58880K, used 57750K [0x00000007bc400000, 0x00000007c0000000, 0x00000007c0000000)
  eden space 56320K, 100% used [0x00000007bc400000,0x00000007bfb00000,0x00000007bfb00000)
  from space 2560K, 55% used [0x00000007bfb00000,0x00000007bfc65bb8,0x00000007bfd80000)
  to   space 2560K, 0% used [0x00000007bfd80000,0x00000007bfd80000,0x00000007c0000000)
 ParOldGen       total 120832K, used 51701K [0x0000000700000000, 0x0000000707600000, 0x00000007bc400000)
  object space 120832K, 42% used [0x0000000700000000,0x000000070327d618,0x0000000707600000)
 Metaspace       used 70396K, capacity 71069K, committed 71808K, reserved 1112064K
  class space    used 9644K, capacity 9782K, committed 9856K, reserved 1048576K
Event: 3325.550 GC heap after
Heap after GC invocations=258 (full 66):
 PSYoungGen      total 58880K, used 1430K [0x00000007bc400000, 0x00000007c0000000, 0x00000007c0000000)
  eden space 56320K, 0% used [0x00000007bc400000,0x00000007bc400000,0x00000007bfb00000)
  from space 2560K, 55% used [0x00000007bfd80000,0x00000007bfee5bb8,0x00000007c0000000)
  to   space 2560K, 0% used [0x00000007bfb00000,0x00000007bfb00000,0x00000007bfd80000)
 ParOldGen       total 120832K, used 51701K [0x0000000700000000, 0x0000000707600000, 0x00000007bc400000)
  object space 120832K, 42% used [0x0000000700000000,0x000000070327d618,0x0000000707600000)
 Metaspace       used 70396K, capacity 71069K, committed 71808K, reserved 1112064K
  class space    used 9644K, capacity 9782K, committed 9856K, reserved 1048576K
}
Event: 3338.620 GC heap before
{Heap before GC invocations=259 (full 66):
 PSYoungGen      total 58880K, used 57750K [0x00000007bc400000, 0x00000007c0000000, 0x00000007c0000000)
  eden space 56320K, 100% used [0x00000007bc400000,0x00000007bfb00000,0x00000007bfb00000)
  from space 2560K, 55% used [0x00000007bfd80000,0x00000007bfee5bb8,0x00000007c0000000)
  to   space 2560K, 0% used [0x00000007bfb00000,0x00000007bfb00000,0x00000007bfd80000)
 ParOldGen       total 120832K, used 51701K [0x0000000700000000, 0x0000000707600000, 0x00000007bc400000)
  object space 120832K, 42% used [0x0000000700000000,0x000000070327d618,0x0000000707600000)
 Metaspace       used 70450K, capacity 71133K, committed 71808K, reserved 1112064K
  class space    used 9645K, capacity 9782K, committed 9856K, reserved 1048576K
Event: 3338.626 GC heap after
Heap after GC invocations=259 (full 66):
 PSYoungGen      total 58880K, used 1526K [0x00000007bc400000, 0x00000007c0000000, 0x00000007c0000000)
  eden space 56320K, 0% used [0x00000007bc400000,0x00000007bc400000,0x00000007bfb00000)
  from space 2560K, 59% used [0x00000007bfb00000,0x00000007bfc7dbb8,0x00000007bfd80000)
  to   space 2560K, 0% used [0x00000007bfd80000,0x00000007bfd80000,0x00000007c0000000)
 ParOldGen       total 120832K, used 51709K [0x0000000700000000, 0x0000000707600000, 0x00000007bc400000)
  object space 120832K, 42% used [0x0000000700000000,0x000000070327f618,0x0000000707600000)
 Metaspace       used 70450K, capacity 71133K, committed 71808K, reserved 1112064K
  class space    used 9645K, capacity 9782K, committed 9856K, reserved 1048576K
}
Event: 3340.024 GC heap before
{Heap before GC invocations=260 (full 66):
 PSYoungGen      total 58880K, used 57846K [0x00000007bc400000, 0x00000007c0000000, 0x00000007c0000000)
  eden space 56320K, 100% used [0x00000007bc400000,0x00000007bfb00000,0x00000007bfb00000)
  from space 2560K, 59% used [0x00000007bfb00000,0x00000007bfc7dbb8,0x00000007bfd80000)
  to   space 2560K, 0% used [0x00000007bfd80000,0x00000007bfd80000,0x00000007c0000000)
 ParOldGen       total 120832K, used 51709K [0x0000000700000000, 0x0000000707600000, 0x00000007bc400000)
  object space 120832K, 42% used [0x0000000700000000,0x000000070327f618,0x0000000707600000)
 Metaspace       used 70450K, capacity 71133K, committed 71808K, reserved 1112064K
  class space    used 9645K, capacity 9782K, committed 9856K, reserved 1048576K
Event: 3340.030 GC heap after
Heap after GC invocations=260 (full 66):
 PSYoungGen      total 58880K, used 1334K [0x00000007bc400000, 0x00000007c0000000, 0x00000007c0000000)
  eden space 56320K, 0% used [0x00000007bc400000,0x00000007bc400000,0x00000007bfb00000)
  from space 2560K, 52% used [0x00000007bfd80000,0x00000007bfecdbb8,0x00000007c0000000)
  to   space 2560K, 0% used [0x00000007bfb00000,0x00000007bfb00000,0x00000007bfd80000)
 ParOldGen       total 120832K, used 51709K [0x0000000700000000, 0x0000000707600000, 0x00000007bc400000)
  object space 120832K, 42% used [0x0000000700000000,0x000000070327f618,0x0000000707600000)
 Metaspace       used 70450K, capacity 71133K, committed 71808K, reserved 1112064K
  class space    used 9645K, capacity 9782K, committed 9856K, reserved 1048576K
}

